0 info it worked if it ends with ok
1 verbose cli [ 'C:\\Program Files\\nodejs\\node.exe',
1 verbose cli   'C:\\Program Files\\nodejs\\node_modules\\npm\\bin\\npm-cli.js',
1 verbose cli   'restart' ]
2 info using npm@3.10.10
3 info using node@v6.11.2
4 verbose run-script [ 'prerestart',
4 verbose run-script   'prestop',
4 verbose run-script   'stop',
4 verbose run-script   'poststop',
4 verbose run-script   'restart',
4 verbose run-script   'prestart',
4 verbose run-script   'start',
4 verbose run-script   'poststart',
4 verbose run-script   'postrestart' ]
5 info lifecycle nodekb@1.0.0~prerestart: nodekb@1.0.0
6 silly lifecycle nodekb@1.0.0~prerestart: no script for prerestart, continuing
7 info lifecycle nodekb@1.0.0~prestop: nodekb@1.0.0
8 silly lifecycle nodekb@1.0.0~prestop: no script for prestop, continuing
9 info lifecycle nodekb@1.0.0~stop: nodekb@1.0.0
10 silly lifecycle nodekb@1.0.0~stop: no script for stop, continuing
11 info lifecycle nodekb@1.0.0~poststop: nodekb@1.0.0
12 silly lifecycle nodekb@1.0.0~poststop: no script for poststop, continuing
13 info lifecycle nodekb@1.0.0~restart: nodekb@1.0.0
14 silly lifecycle nodekb@1.0.0~restart: no script for restart, continuing
15 info lifecycle nodekb@1.0.0~prestart: nodekb@1.0.0
16 silly lifecycle nodekb@1.0.0~prestart: no script for prestart, continuing
17 info lifecycle nodekb@1.0.0~start: nodekb@1.0.0
18 verbose lifecycle nodekb@1.0.0~start: unsafe-perm in lifecycle true
19 verbose lifecycle nodekb@1.0.0~start: PATH: C:\Program Files\nodejs\node_modules\npm\bin\node-gyp-bin;C:\projects\nodekb\node_modules\.bin;C:\Program Files (x86)\NVIDIA Corporation\PhysX\Common;C:\Program Files (x86)\Intel\iCLS Client\;C:\Program Files\Intel\iCLS Client\;C:\Windows\system32;C:\Windows;C:\Windows\System32\Wbem;C:\Windows\System32\WindowsPowerShell\v1.0\;C:\Program Files\Intel\Intel(R) Management Engine Components\DAL;C:\Program Files (x86)\Intel\Intel(R) Management Engine Components\DAL;C:\Program Files\Intel\Intel(R) Management Engine Components\IPT;C:\Program Files (x86)\Intel\Intel(R) Management Engine Components\IPT;C:\Program Files\Git\cmd;C:\Program Files\Git\mingw64\bin;C:\Program Files\Git\usr\bin;C:\Program Files\nodejs\;C:\Users\DUO\AppData\Local\Programs\Python\Python36\Scripts\;C:\Users\DUO\AppData\Local\Programs\Python\Python36\;C:\Users\DUO\AppData\Local\Programs\Python\Python36\Lib\site-packages\django\bin;C:\Users\DUO\AppData\Local\atom\bin;C:\Users\DUO\AppData\Roaming\npm
20 verbose lifecycle nodekb@1.0.0~start: CWD: C:\projects\nodekb
21 silly lifecycle nodekb@1.0.0~start: Args: [ '/d /s /c', 'node app' ]
22 silly lifecycle nodekb@1.0.0~start: Returned: code: 1  signal: null
23 info lifecycle nodekb@1.0.0~start: Failed to exec start script
24 verbose stack Error: nodekb@1.0.0 start: `node app`
24 verbose stack Exit status 1
24 verbose stack     at EventEmitter.<anonymous> (C:\Program Files\nodejs\node_modules\npm\lib\utils\lifecycle.js:255:16)
24 verbose stack     at emitTwo (events.js:106:13)
24 verbose stack     at EventEmitter.emit (events.js:191:7)
24 verbose stack     at ChildProcess.<anonymous> (C:\Program Files\nodejs\node_modules\npm\lib\utils\spawn.js:40:14)
24 verbose stack     at emitTwo (events.js:106:13)
24 verbose stack     at ChildProcess.emit (events.js:191:7)
24 verbose stack     at maybeClose (internal/child_process.js:891:16)
24 verbose stack     at Process.ChildProcess._handle.onexit (internal/child_process.js:226:5)
25 verbose pkgid nodekb@1.0.0
26 verbose cwd C:\projects\nodekb
27 error Windows_NT 6.1.7601
28 error argv "C:\\Program Files\\nodejs\\node.exe" "C:\\Program Files\\nodejs\\node_modules\\npm\\bin\\npm-cli.js" "restart"
29 error node v6.11.2
30 error npm  v3.10.10
31 error code ELIFECYCLE
32 error nodekb@1.0.0 start: `node app`
32 error Exit status 1
33 error Failed at the nodekb@1.0.0 start script 'node app'.
33 error Make sure you have the latest version of node.js and npm installed.
33 error If you do, this is most likely a problem with the nodekb package,
33 error not with npm itself.
33 error Tell the author that this fails on your system:
33 error     node app
33 error You can get information on how to open an issue for this project with:
33 error     npm bugs nodekb
33 error Or if that isn't available, you can get their info via:
33 error     npm owner ls nodekb
33 error There is likely additional logging output above.
34 verbose exit [ 1, true ]
